<?xml version="1.0" encoding="UTF-8"?>
<!-- Generated by org.testng.reporters.JUnitReportReporter -->
<testsuite skipped="0" hostname="DESKTOP-PF2RNHQ" name="Com.Flo.Testclasses.Requirements.Login.Login" tests="1" failures="0" timestamp="17 Jul 2017 09:13:13 GMT" time="13.745" errors="0">
  <testcase name="Logintoapp" time="13.745" classname="Com.Flo.Testclasses.Requirements.Login.Login"/>
</testsuite> <!-- Com.Flo.Testclasses.Requirements.Login.Login -->
