<?xml version="1.0" encoding="UTF-8"?>
<!-- Generated by org.testng.reporters.JUnitReportReporter -->
<testsuite skipped="0" hostname="DESKTOP-PF2RNHQ" name="Com.Flo.Data.PropDatareadmethods" tests="1" failures="0" timestamp="08 Jul 2017 08:43:13 GMT" time="0.011" errors="0">
  <testcase name="read" time="0.011" classname="Com.Flo.Data.PropDatareadmethods"/>
</testsuite> <!-- Com.Flo.Data.PropDatareadmethods -->
