<?xml version="1.0" encoding="UTF-8"?>
<!-- Generated by org.testng.reporters.JUnitReportReporter -->
<testsuite skipped="0" hostname="RGX-BLR-LT-Sunil-0030" name="Com.Flo.Testclasses.Requirements.Corporate.Create_New_Requisite" tests="1" failures="0" timestamp="29 Jul 2017 10:44:21 GMT" time="27.134" errors="0">
  <testcase name="Create_Requisite" time="27.134" classname="Com.Flo.Testclasses.Requirements.Corporate.Create_New_Requisite"/>
</testsuite> <!-- Com.Flo.Testclasses.Requirements.Corporate.Create_New_Requisite -->
