<?xml version="1.0" encoding="UTF-8"?>
<!-- Generated by org.testng.reporters.JUnitReportReporter -->
<testsuite skipped="0" hostname="RGX-BLR-LT-Sunil-0030" name="Com.Flo.Testclasses.Requirements.Corporate.Create_New_Requisite" tests="1" failures="0" timestamp="01 Aug 2017 09:14:49 GMT" time="50.755" errors="0">
  <testcase name="Create_Requisite" time="50.755" classname="Com.Flo.Testclasses.Requirements.Corporate.Create_New_Requisite"/>
</testsuite> <!-- Com.Flo.Testclasses.Requirements.Corporate.Create_New_Requisite -->
