<?xml version="1.0" encoding="UTF-8"?>
<!-- Generated by org.testng.reporters.JUnitReportReporter -->
<testsuite skipped="0" hostname="DESKTOP-PF2RNHQ" name="Com.Flo.Testclasses.Requirements.Login.Login" tests="1" failures="0" timestamp="08 Jul 2017 12:37:30 GMT" time="11.482" errors="0">
  <testcase name="Login" time="11.482" classname="Com.Flo.Testclasses.Requirements.Login.Login"/>
</testsuite> <!-- Com.Flo.Testclasses.Requirements.Login.Login -->
