<?xml version="1.0" encoding="UTF-8"?>
<!-- Generated by org.testng.reporters.JUnitReportReporter -->
<testsuite skipped="0" hostname="DESKTOP-PF2RNHQ" name="Com.Flo.Testclasses.Requirements.Login.Login" tests="2" failures="0" timestamp="18 Jul 2017 17:17:44 GMT" time="57.801" errors="0">
  <testcase name="LoginToApp" time="22.202" classname="Com.Flo.Testclasses.Requirements.Login.Login"/>
  <testcase name="LogoutFromApp" time="35.599" classname="Com.Flo.Testclasses.Requirements.Login.Login"/>
</testsuite> <!-- Com.Flo.Testclasses.Requirements.Login.Login -->
