<?xml version="1.0" encoding="UTF-8"?>
<!-- Generated by org.testng.reporters.JUnitReportReporter -->
<testsuite skipped="0" hostname="RGX-BLR-LT-Sunil-0030" name="Com.Flo.Testclasses.Requirements.Corporate.Create_New_Requisite" tests="1" failures="0" timestamp="03 Sep 2017 08:56:11 GMT" time="120.916" errors="0">
  <testcase name="Create_Requisite" time="120.916" classname="Com.Flo.Testclasses.Requirements.Corporate.Create_New_Requisite"/>
</testsuite> <!-- Com.Flo.Testclasses.Requirements.Corporate.Create_New_Requisite -->
