<?xml version="1.0" encoding="UTF-8"?>
<!-- Generated by org.testng.reporters.JUnitReportReporter -->
<testsuite skipped="0" hostname="RGX-BLR-LT-Sunil-0030" name="Com.Flo.Testclasses.Requirements.Login.Login" tests="2" failures="0" timestamp="25 Jul 2017 18:13:29 GMT" time="52.467" errors="0">
  <testcase name="LogoutFromApp" time="33.486" classname="Com.Flo.Testclasses.Requirements.Login.Login"/>
  <testcase name="LoginToApp" time="18.981" classname="Com.Flo.Testclasses.Requirements.Login.Login"/>
</testsuite> <!-- Com.Flo.Testclasses.Requirements.Login.Login -->
