<?xml version="1.0" encoding="UTF-8"?>
<!-- Generated by org.testng.reporters.JUnitReportReporter -->
<testsuite skipped="0" hostname="Admin-PC" name="testClases.CreateStore" tests="1" failures="0" timestamp="16 Feb 2018 16:02:58 GMT" time="133.217" errors="0">
  <testcase name="CretenewStore" time="133.217" classname="testClases.CreateStore"/>
</testsuite> <!-- testClases.CreateStore -->
