<?xml version="1.0" encoding="UTF-8"?>
<!-- Generated by org.testng.reporters.JUnitReportReporter -->
<testsuite skipped="0" hostname="Admin-PC" name="testClases.LoginasTenant" tests="1" failures="0" timestamp="16 Feb 2018 15:36:20 GMT" time="19.484" errors="0">
  <testcase name="logintoAppasteneant" time="19.484" classname="testClases.LoginasTenant"/>
</testsuite> <!-- testClases.LoginasTenant -->
